<?xml version="1.0" encoding="UTF-8"?>
<!-- Generated by org.testng.reporters.JUnitReportReporter -->
<testsuite skipped="0" hostname="INquestback-MacBook-Pro.local" name="LoginTest" tests="1" failures="0" timestamp="09 Dec 2019 06:38:21 GMT" time="7.767" errors="0">
  <testcase name="verifyLoginLogout" time="7.767" classname="LoginTest"/>
</testsuite> <!-- LoginTest -->
